<?xml version="1.0" encoding="UTF-8"?>
<!-- Generated by org.testng.reporters.JUnitReportReporter -->
<testsuite hostname="VivekKannapiran-Laptop1stPeople" failures="0" tests="5" name="test.LoginTest" time="71.787" errors="0" timestamp="2022-04-27T16:12:51 AEST" skipped="0">
  <testcase classname="test.LoginTest" name="login_problem_user" time="12.128"/>
  <system-out/>
  <testcase classname="test.LoginTest" name="login_performanceGlitchUser" time="18.188"/>
  <system-out/>
  <testcase classname="test.LoginTest" name="login_validUser" time="12.579"/>
  <system-out/>
  <testcase classname="test.LoginTest" name="login_standardUser" time="17.101"/>
  <system-out/>
  <testcase classname="test.LoginTest" name="login_lockedOutUser" time="11.791"/>
  <system-out/>
</testsuite> <!-- test.LoginTest -->
