<?xml version="1.0" encoding="UTF-8"?>
<!-- Generated by org.testng.reporters.JUnitReportReporter -->
<testsuite hostname="VivekKannapiran-Laptop1stPeople" failures="0" tests="5" name="test.LoginTest" time="81.293" errors="0" timestamp="2022-05-24T11:14:17 AEST" skipped="0">
  <testcase classname="test.LoginTest" name="login_problem_user" time="13.470"/>
  <system-out/>
  <testcase classname="test.LoginTest" name="login_performanceGlitchUser" time="24.393"/>
  <system-out/>
  <testcase classname="test.LoginTest" name="login_validUser" time="11.493"/>
  <system-out/>
  <testcase classname="test.LoginTest" name="login_standardUser" time="15.753"/>
  <system-out/>
  <testcase classname="test.LoginTest" name="login_lockedOutUser" time="16.184"/>
  <system-out/>
</testsuite> <!-- test.LoginTest -->
